<?xml version="1.0" encoding="UTF-8"?>
<!-- Generated by org.testng.reporters.JUnitReportReporter -->
<testsuite hostname="USMUMAKSAN6" failures="0" tests="1" name="com.browserstack.testcase.BrowserstackTestCase" time="19.191" errors="0" timestamp="12 Oct 2019 10:53:28 GMT">
  <testcase classname="com.browserstack.testcase.BrowserstackTestCase" name="tc1" time="19.191"/>
</testsuite> <!-- com.browserstack.testcase.BrowserstackTestCase -->
